DRAMA Started | [2025-03-28_02-03-08] | timestamp: 1743127388
----------------------------------------------------
[DEBUG    ] CPU: 12th Gen Intel(R) Core(TM) i5-1235U
[DEBUG    ] Memory percentage: 0.600000
[DEBUG    ] Number of reads: 5000
[DEBUG    ] Expected sets: 16
[DEBUG    ] Initialize large memory block...
[DEBUG    ]  done!
[INFO     ] Mapping has 9406 MB
[INFO     ] Searching for set 1 (try 1)
[2K
0% (ETA: /)[2K
[...truncated..]
100% (ETA: 0.0s)
172:    2 ##
173:    0
174:    0
175:    0
176:    0
177:    0
178:    1 #
179:    0
180:    0
181:    0
182:    0
183:    0
184:    0
185:    0
186:    0
187:    0
188:    0
189:    0
190:    0
191:    0
192:    0
193:    0
194:    0
195:    0
196:    0
197:    0
198:    0
199:    0
200:    0
201:    0
202:    0
203:    0
204:    0
205:    0
206:    0
207:    0
208:    0
209:    0
210:    0
211:    0
212:    0
213:    0
214:    0
215:    0
216:    0
217:    0
218:    0
219:    0
220:    0
221:    0
222:    0
223:    0
224:    0
225:    0
226:    7 ####
227:   17 ##########
228:   84 ################################################
229:   47 ###########################
230:   90 ###################################################
231:   64 #####################################
232:   34 ####################
233:   54 ###############################
234:   19 ###########
235:    4 ###
236:    3 ##
237:    5 ###
238:   10 ######
239:   64 #####################################
240:   60 ##################################
241:   97 #######################################################
242:   95 ######################################################
243:   59 ##################################
244:   49 ############################
245:   41 ########################
246:   95 ######################################################
247:  120 ####################################################################
248:   90 ###################################################
249:  123 ######################################################################
250:  177 ################################################################################
251:   94 ######################################################
252:  109 ##############################################################
253:   40 #######################
254:   22 #############
255:   17 ##########
256:   14 ########
257:    4 ###
258:    6 ####
259:    6 ####
260:    2 ##
261:    2 ##
262:    3 ##
263:    2 ##
264:    4 ###
265:    1 #
266:    2 ##
267:    2 ##
268:    1 #
269:    3 ##
270:    1 #
271:    1 #
272:    1 #
273:    2 ##
274:    2 ##
275:    1 #
276:    2 ##
277:    2 ##
278:    2 ##
279:    1 #
280:    1 #
281:    1 #
282:    1 #
283:    1 #
284:    2 ##
285:    2 ##
286:    1 #
287:    0
288:    1 #
289:    1 #
290:    0
291:    0
292:    1 #
293:    1 #
294:    1 #
295:    2 ##
296:    2 ##
297:    1 #
298:    2 ##
299:    2 ##
300:    4 ###
301:    3 ##
302:    5 ###
303:    3 ##
304:   12 #######
305:   14 ########
306:   17 ##########
307:    5 ###
308:    4 ###
309:    4 ###
310:   11 #######
311:    6 ####
312:    7 ####
313:    9 ######
314:    3 ##
315:    3 ##
316:    2 ##
317:    5 ###
318:    1 #
319:    4 ###
320:    2 ##
321:    2 ##
322:    3 ##
323:    1 #
324:    1 #
325:    1 #
326:    3 ##
327:    2 ##
328:    2 ##
329:    1 #
330:    2 ##
331:    2 ##
[WARNING  ] Set must be wrong, contains too many addresses. Try again...
[WARNING  ] Couldn't find set after 10 tries, giving up, sorry!
[DEBUG    ] done measuring
reduced to 22 functions
6  (Correct: 85%)
10 12  (Correct: 71%)
7 13  (Correct: 85%)
7 14  (Correct: 100%)
6 15  (Correct: 42%)
11 16  (Correct: 85%)
10 17  (Correct: 71%)
9 18  (Correct: 57%)
11 19  (Correct: 85%)
6 20  (Correct: 71%)
11 21  (Correct: 57%)
8 23  (Correct: 100%)
7 24  (Correct: 42%)
6 25  (Correct: 85%)
8 26  (Correct: 100%)
10 27  (Correct: 57%)
8 29  (Correct: 100%)
11 30  (Correct: 71%)
7 8 10  (Correct: 71%)
8 9 11  (Correct: 100%)
7 9 22  (Correct: 100%)
9 10 28  (Correct: 57%)
----------------------------------------------------
DRAMA Ended | [2025-03-28_02-07-11] | timestamp: 1743127631
